0 info it worked if it ends with ok
1 verbose cli [ 'C:\\Program Files\\nodejs\\\\node.exe',
1 verbose cli   'C:\\Program Files\\nodejs\\node_modules\\npm\\bin\\npm-cli.js',
1 verbose cli   'install',
1 verbose cli   'grunt-css',
1 verbose cli   '--save-dev' ]
2 info using npm@1.4.14
3 info using node@v0.10.29
4 verbose node symlink C:\Program Files\nodejs\\node.exe
5 verbose readDependencies using package.json deps
6 verbose cache add [ 'grunt-css', null ]
7 verbose cache add name=undefined spec="grunt-css" args=["grunt-css",null]
8 verbose parsed url { protocol: null,
8 verbose parsed url   slashes: null,
8 verbose parsed url   auth: null,
8 verbose parsed url   host: null,
8 verbose parsed url   port: null,
8 verbose parsed url   hostname: null,
8 verbose parsed url   hash: null,
8 verbose parsed url   search: null,
8 verbose parsed url   query: null,
8 verbose parsed url   pathname: 'grunt-css',
8 verbose parsed url   path: 'grunt-css',
8 verbose parsed url   href: 'grunt-css' }
9 silly lockFile 1529a5df-grunt-css grunt-css
10 verbose lock grunt-css C:\Users\lz\AppData\Roaming\npm-cache\1529a5df-grunt-css.lock
11 silly lockFile 1529a5df-grunt-css grunt-css
12 silly lockFile 1529a5df-grunt-css grunt-css
13 verbose addNamed [ 'grunt-css', '' ]
14 verbose addNamed [ null, '*' ]
15 silly lockFile acdbd44b-grunt-css grunt-css@
16 verbose lock grunt-css@ C:\Users\lz\AppData\Roaming\npm-cache\acdbd44b-grunt-css.lock
17 silly addNameRange { name: 'grunt-css', range: '*', hasData: false }
18 verbose url raw grunt-css
19 verbose url resolving [ 'https://registry.npmjs.org/', './grunt-css' ]
20 verbose url resolved https://registry.npmjs.org/grunt-css
21 info trying registry request attempt 1 at 22:38:18
22 http GET https://registry.npmjs.org/grunt-css
23 http 200 https://registry.npmjs.org/grunt-css
24 silly registry.get cb [ 200,
24 silly registry.get   { server: 'CouchDB/1.5.0 (Erlang OTP/R16B03)',
24 silly registry.get     etag: '"9ICD2POGGEXFV1U2O6VQ9UYVW"',
24 silly registry.get     'content-type': 'application/json',
24 silly registry.get     'cache-control': 'max-age=60',
24 silly registry.get     'content-length': '50162',
24 silly registry.get     'accept-ranges': 'bytes',
24 silly registry.get     date: 'Wed, 27 May 2015 14:38:26 GMT',
24 silly registry.get     via: '1.1 varnish',
24 silly registry.get     age: '0',
24 silly registry.get     connection: 'keep-alive',
24 silly registry.get     'x-served-by': 'cache-nrt6130-NRT',
24 silly registry.get     'x-cache': 'MISS',
24 silly registry.get     'x-cache-hits': '0',
24 silly registry.get     'x-timer': 'S1432737506.179768,VS0,VE547',
24 silly registry.get     vary: 'Accept' } ]
25 silly addNameRange number 2 { name: 'grunt-css', range: '*', hasData: true }
26 silly addNameRange versions [ 'grunt-css',
26 silly addNameRange   [ '0.1.0',
26 silly addNameRange     '0.1.1',
26 silly addNameRange     '0.1.2',
26 silly addNameRange     '0.1.3',
26 silly addNameRange     '0.2.0',
26 silly addNameRange     '0.2.1',
26 silly addNameRange     '0.3.0',
26 silly addNameRange     '0.3.1',
26 silly addNameRange     '0.3.2',
26 silly addNameRange     '0.4.0',
26 silly addNameRange     '0.4.1',
26 silly addNameRange     '0.5.0',
26 silly addNameRange     '0.5.1',
26 silly addNameRange     '0.5.2',
26 silly addNameRange     '0.5.3',
26 silly addNameRange     '0.5.4' ] ]
27 verbose addNamed [ 'grunt-css', '0.5.4' ]
28 verbose addNamed [ '0.5.4', '0.5.4' ]
29 silly lockFile 378465bc-grunt-css-0-5-4 grunt-css@0.5.4
30 verbose lock grunt-css@0.5.4 C:\Users\lz\AppData\Roaming\npm-cache\378465bc-grunt-css-0-5-4.lock
31 silly lockFile 842880ab-rg-grunt-css-grunt-css-0-5-4-tgz https://registry.npmjs.org/grunt-css/-/grunt-css-0.5.4.tgz
32 verbose lock https://registry.npmjs.org/grunt-css/-/grunt-css-0.5.4.tgz C:\Users\lz\AppData\Roaming\npm-cache\842880ab-rg-grunt-css-grunt-css-0-5-4-tgz.lock
33 verbose addRemoteTarball [ 'https://registry.npmjs.org/grunt-css/-/grunt-css-0.5.4.tgz',
33 verbose addRemoteTarball   '296f6b197cd941259c4fbf48e95e8af95b00354f' ]
34 info retry fetch attempt 1 at 22:38:20
35 verbose fetch to= C:\Users\lz\AppData\Local\Temp\npm-9592-macNX1CS\registry.npmjs.org\grunt-css\-\grunt-css-0.5.4.tgz
36 http GET https://registry.npmjs.org/grunt-css/-/grunt-css-0.5.4.tgz
37 http 200 https://registry.npmjs.org/grunt-css/-/grunt-css-0.5.4.tgz
38 silly lockFile 842880ab-rg-grunt-css-grunt-css-0-5-4-tgz https://registry.npmjs.org/grunt-css/-/grunt-css-0.5.4.tgz
39 silly lockFile 842880ab-rg-grunt-css-grunt-css-0-5-4-tgz https://registry.npmjs.org/grunt-css/-/grunt-css-0.5.4.tgz
40 silly lockFile 378465bc-grunt-css-0-5-4 grunt-css@0.5.4
41 silly lockFile 378465bc-grunt-css-0-5-4 grunt-css@0.5.4
42 silly lockFile acdbd44b-grunt-css grunt-css@
43 silly lockFile acdbd44b-grunt-css grunt-css@
44 silly resolved [ { name: 'grunt-css',
44 silly resolved     description: 'Grunt plugin for linting and minifying CSS',
44 silly resolved     version: '0.5.4',
44 silly resolved     homepage: 'https://github.com/jzaefferer/grunt-css',
44 silly resolved     author: { name: 'Jörn Zaefferer', email: 'joern.zaefferer@gmail.com' },
44 silly resolved     repository:
44 silly resolved      { type: 'git',
44 silly resolved        url: 'git://github.com/jzaefferer/grunt-css.git' },
44 silly resolved     bugs: { url: 'https://github.com/jzaefferer/grunt-css/issues' },
44 silly resolved     licenses: [ [Object] ],
44 silly resolved     main: 'tasks/grunt-css',
44 silly resolved     engines: { node: '>=0.6.0' },
44 silly resolved     dependencies: { 'clean-css': '0.9.1', csslint: '0.9.10', 'gzip-js': '0.3.1' },
44 silly resolved     devDependencies: { grunt: '0.4.x', 'grunt-contrib-jshint': '0.1.0' },
44 silly resolved     keywords: [ 'gruntplugin' ],
44 silly resolved     readme: '# grunt-css\n\n[Grunt](https://github.com/cowboy/grunt) plugin for linting and minifying CSS\n\n## Getting Started\n\nInstall the module with:\n\n\tnpm install grunt-css --save-dev\n\nThen load it from your own `Gruntfile.js` file:\n\n```js\ngrunt.loadNpmTasks(\'grunt-css\');\n```\n\n### grunt 0.3 compability\n\nIf you\'re using grunt 0.3, install the 0.1.0 version of this task:\n\n\tnpm install grunt-css@0.3.2\n\n## Documentation\n\nThis plugin provides two tasks: `cssmin` and `csslint`. Both area [multi tasks][types_of_tasks], meaning that grunt will automatically iterate over all `cssmin` and `csslint` targets if a target is not specified.\n\n[types_of_tasks]: https://github.com/cowboy/grunt/blob/master/docs/types_of_tasks.md\n\n### cssmin\n\nThis works similar to the [`uglify` task](https://github.com/gruntjs/grunt-contrib-uglify). Specify a src and dest property for input and output:\n\n```js\n// Project configuration.\ngrunt.initConfig({\n\tcssmin: {\n\t\tmy_target: {\n\t\t\tsrc: \'src/input.css\',\n\t\t\tdest: \'dist/output.min.css\'\n\t\t}\n\t}\n});\n```\n\nExposes option of clean-css, which you can set per target or for all, as usual:\nkeepSpecialComments\n\n```js\n// Project configuration.\ngrunt.initConfig({\n\tcssmin: {\n\t\toptions: {\n\t\t\tkeepSpecialComments: 0\n\t\t},\n\t\tmy_target: {\n\t\t\toptions: {\n\t\t\t\tkeepSpecialComments: 1\n\t\t\t},\n\t\t\tsrc: \'src/input.css\',\n\t\t\tdest: \'dist/output.min.css\'\n\t\t}\n\t}\n});\n```\n\n#### Banner comments\n\nIn this example, running `grunt cssmin:my_target` will prepend a banner created by interpolating the `banner` template string with the config object. Here, those properties are the values imported from the `package.json` file (which are available via the `pkg` config property) plus today\'s date.\n\n\n```js\n// Project configuration.\ngrunt.initConfig({\n\tpkg: grunt.file.readJSON(\'package.json\'),\n\tcssmin: {\n\t\toptions: {\n\t\t\tbanner: \'/*! <%= pkg.name %> - v<%= pkg.version %> - \' +\n\t\t\t\t\'<%= grunt.template.today("yyyy-mm-dd") %> */\'\n\t\t},\n\t\tmy_target: {\n\t\t\tfiles: {\n\t\t\t\tsrc: \'src/input.css\',\n\t\t\t\tdest: \'dist/output.min.css\'\n\t\t\t}\n\t\t}\n\t}\n});\n```\n\n\n### csslint\n\nThis is similar to the built-in lint task, though the configuration is different. Here\'s an example:\n\n```js\ncsslint: {\n\tbase_theme: {\n\t\tsrc: "themes/base/*.css",\n\t\trules: {\n\t\t\t"import": false,\n\t\t\t"overqualified-elements": 2\n\t\t}\n\t}\n}\n```\n\n`src` specifies the files to lint, `rules` the rules to apply. A value of `false` ignores the rule, a value of `2` will set it to become an error. Otherwise all rules are considered warnings.\n\nFor the current csslint version, these rules are available:\n\n\timportant\n\tadjoining-classes\n\tknown-properties\n\tbox-sizing\n\tbox-model\n\toverqualified-elements\n\tdisplay-property-grouping\n\tbulletproof-font-face\n\tcompatible-vendor-prefixes\n\tregex-selectors\n\terrors\n\tduplicate-background-images\n\tduplicate-properties\n\tempty-rules\n\tselector-max-approaching\n\tgradients\n\tfallback-colors\n\tfont-sizes\n\tfont-faces\n\tfloats\n\tstar-property-hack\n\toutline-none\n\timport\n\tids\n\tunderscore-property-hack\n\trules-count\n\tqualified-headings\n\tselector-max\n\tshorthand\n\ttext-indent\n\tunique-headings\n\tuniversal-selector\n\tunqualified-attributes\n\tvendor-prefix\n\tzero-units\n\nFor an explanation of those rules, [check the csslint wiki](https://github.com/stubbornella/csslint/wiki/Rules).\n\n*Side note: To update this list, run this:*\n\n```bash\nnode -e "require(\'csslint\').CSSLint.getRules().forEach(function(x) { console.log(x.id) })"\n```\n\n## Contributing\n\nPlease use the issue tracker and pull requests.\n\n## License\nCopyright (c) 2012 Jörn Zaefferer\nLicensed under the MIT license.\n',
44 silly resolved     readmeFilename: 'README.md',
44 silly resolved     _id: 'grunt-css@0.5.4',
44 silly resolved     dist:
44 silly resolved      { shasum: '296f6b197cd941259c4fbf48e95e8af95b00354f',
44 silly resolved        tarball: 'http://registry.npmjs.org/grunt-css/-/grunt-css-0.5.4.tgz' },
44 silly resolved     _from: 'grunt-css@',
44 silly resolved     _npmVersion: '1.2.2',
44 silly resolved     _npmUser: { name: 'jzaefferer', email: 'joern.zaefferer@gmail.com' },
44 silly resolved     maintainers: [ [Object] ],
44 silly resolved     directories: {},
44 silly resolved     _shasum: '296f6b197cd941259c4fbf48e95e8af95b00354f',
44 silly resolved     _resolved: 'https://registry.npmjs.org/grunt-css/-/grunt-css-0.5.4.tgz' } ]
45 info install grunt-css@0.5.4 into c:\Users\lz\WebstormProjects\polyer.js\git
46 info installOne grunt-css@0.5.4
47 info c:\Users\lz\WebstormProjects\polyer.js\git\node_modules\grunt-css unbuild
48 verbose tar unpack C:\Users\lz\AppData\Roaming\npm-cache\grunt-css\0.5.4\package.tgz
49 silly lockFile a3a011df-er-js-git-node-modules-grunt-css tar://c:\Users\lz\WebstormProjects\polyer.js\git\node_modules\grunt-css
50 verbose lock tar://c:\Users\lz\WebstormProjects\polyer.js\git\node_modules\grunt-css C:\Users\lz\AppData\Roaming\npm-cache\a3a011df-er-js-git-node-modules-grunt-css.lock
51 silly lockFile e0df9873-ache-grunt-css-0-5-4-package-tgz tar://C:\Users\lz\AppData\Roaming\npm-cache\grunt-css\0.5.4\package.tgz
52 verbose lock tar://C:\Users\lz\AppData\Roaming\npm-cache\grunt-css\0.5.4\package.tgz C:\Users\lz\AppData\Roaming\npm-cache\e0df9873-ache-grunt-css-0-5-4-package-tgz.lock
53 silly gunzTarPerm modes [ '755', '644' ]
54 silly gunzTarPerm extractEntry package.json
55 silly gunzTarPerm extractEntry .npmignore
56 silly gunzTarPerm extractEntry README.md
57 silly gunzTarPerm extractEntry Gruntfile.js
58 silly gunzTarPerm extractEntry .jshintrc
59 silly gunzTarPerm extractEntry LICENSE-MIT
60 silly gunzTarPerm extractEntry tasks/grunt-css.js
61 silly gunzTarPerm extractEntry test/empty.css
62 silly gunzTarPerm extractEntry test/invalid.css
63 silly gunzTarPerm extractEntry test/valid.css
64 silly lockFile a3a011df-er-js-git-node-modules-grunt-css tar://c:\Users\lz\WebstormProjects\polyer.js\git\node_modules\grunt-css
65 silly lockFile a3a011df-er-js-git-node-modules-grunt-css tar://c:\Users\lz\WebstormProjects\polyer.js\git\node_modules\grunt-css
66 silly lockFile e0df9873-ache-grunt-css-0-5-4-package-tgz tar://C:\Users\lz\AppData\Roaming\npm-cache\grunt-css\0.5.4\package.tgz
67 silly lockFile e0df9873-ache-grunt-css-0-5-4-package-tgz tar://C:\Users\lz\AppData\Roaming\npm-cache\grunt-css\0.5.4\package.tgz
68 info preinstall grunt-css@0.5.4
69 verbose readDependencies using package.json deps
70 verbose readDependencies using package.json deps
71 verbose cache add [ 'clean-css@0.9.1', null ]
72 verbose cache add name=undefined spec="clean-css@0.9.1" args=["clean-css@0.9.1",null]
73 verbose parsed url { protocol: null,
73 verbose parsed url   slashes: null,
73 verbose parsed url   auth: null,
73 verbose parsed url   host: null,
73 verbose parsed url   port: null,
73 verbose parsed url   hostname: null,
73 verbose parsed url   hash: null,
73 verbose parsed url   search: null,
73 verbose parsed url   query: null,
73 verbose parsed url   pathname: 'clean-css@0.9.1',
73 verbose parsed url   path: 'clean-css@0.9.1',
73 verbose parsed url   href: 'clean-css@0.9.1' }
74 verbose cache add [ 'csslint@0.9.10', null ]
75 verbose cache add name=undefined spec="csslint@0.9.10" args=["csslint@0.9.10",null]
76 verbose parsed url { protocol: null,
76 verbose parsed url   slashes: null,
76 verbose parsed url   auth: null,
76 verbose parsed url   host: null,
76 verbose parsed url   port: null,
76 verbose parsed url   hostname: null,
76 verbose parsed url   hash: null,
76 verbose parsed url   search: null,
76 verbose parsed url   query: null,
76 verbose parsed url   pathname: 'csslint@0.9.10',
76 verbose parsed url   path: 'csslint@0.9.10',
76 verbose parsed url   href: 'csslint@0.9.10' }
77 verbose cache add [ 'gzip-js@0.3.1', null ]
78 verbose cache add name=undefined spec="gzip-js@0.3.1" args=["gzip-js@0.3.1",null]
79 verbose parsed url { protocol: null,
79 verbose parsed url   slashes: null,
79 verbose parsed url   auth: null,
79 verbose parsed url   host: null,
79 verbose parsed url   port: null,
79 verbose parsed url   hostname: null,
79 verbose parsed url   hash: null,
79 verbose parsed url   search: null,
79 verbose parsed url   query: null,
79 verbose parsed url   pathname: 'gzip-js@0.3.1',
79 verbose parsed url   path: 'gzip-js@0.3.1',
79 verbose parsed url   href: 'gzip-js@0.3.1' }
80 verbose cache add name="clean-css" spec="0.9.1" args=["clean-css","0.9.1"]
81 verbose parsed url { protocol: null,
81 verbose parsed url   slashes: null,
81 verbose parsed url   auth: null,
81 verbose parsed url   host: null,
81 verbose parsed url   port: null,
81 verbose parsed url   hostname: null,
81 verbose parsed url   hash: null,
81 verbose parsed url   search: null,
81 verbose parsed url   query: null,
81 verbose parsed url   pathname: '0.9.1',
81 verbose parsed url   path: '0.9.1',
81 verbose parsed url   href: '0.9.1' }
82 verbose addNamed [ 'clean-css', '0.9.1' ]
83 verbose addNamed [ '0.9.1', '0.9.1' ]
84 silly lockFile 596a77d7-clean-css-0-9-1 clean-css@0.9.1
85 verbose lock clean-css@0.9.1 C:\Users\lz\AppData\Roaming\npm-cache\596a77d7-clean-css-0-9-1.lock
86 verbose cache add name="csslint" spec="0.9.10" args=["csslint","0.9.10"]
87 verbose parsed url { protocol: null,
87 verbose parsed url   slashes: null,
87 verbose parsed url   auth: null,
87 verbose parsed url   host: null,
87 verbose parsed url   port: null,
87 verbose parsed url   hostname: null,
87 verbose parsed url   hash: null,
87 verbose parsed url   search: null,
87 verbose parsed url   query: null,
87 verbose parsed url   pathname: '0.9.10',
87 verbose parsed url   path: '0.9.10',
87 verbose parsed url   href: '0.9.10' }
88 verbose addNamed [ 'csslint', '0.9.10' ]
89 verbose addNamed [ '0.9.10', '0.9.10' ]
90 silly lockFile 581cf283-csslint-0-9-10 csslint@0.9.10
91 verbose lock csslint@0.9.10 C:\Users\lz\AppData\Roaming\npm-cache\581cf283-csslint-0-9-10.lock
92 verbose cache add name="gzip-js" spec="0.3.1" args=["gzip-js","0.3.1"]
93 verbose parsed url { protocol: null,
93 verbose parsed url   slashes: null,
93 verbose parsed url   auth: null,
93 verbose parsed url   host: null,
93 verbose parsed url   port: null,
93 verbose parsed url   hostname: null,
93 verbose parsed url   hash: null,
93 verbose parsed url   search: null,
93 verbose parsed url   query: null,
93 verbose parsed url   pathname: '0.3.1',
93 verbose parsed url   path: '0.3.1',
93 verbose parsed url   href: '0.3.1' }
94 verbose addNamed [ 'gzip-js', '0.3.1' ]
95 verbose addNamed [ '0.3.1', '0.3.1' ]
96 silly lockFile d796b247-gzip-js-0-3-1 gzip-js@0.3.1
97 verbose lock gzip-js@0.3.1 C:\Users\lz\AppData\Roaming\npm-cache\d796b247-gzip-js-0-3-1.lock
98 verbose url raw clean-css
99 verbose url resolving [ 'https://registry.npmjs.org/', './clean-css' ]
100 verbose url resolved https://registry.npmjs.org/clean-css
101 info trying registry request attempt 1 at 22:38:21
102 http GET https://registry.npmjs.org/clean-css
103 verbose url raw csslint
104 verbose url resolving [ 'https://registry.npmjs.org/', './csslint' ]
105 verbose url resolved https://registry.npmjs.org/csslint
106 info trying registry request attempt 1 at 22:38:21
107 http GET https://registry.npmjs.org/csslint
108 verbose url raw gzip-js
109 verbose url resolving [ 'https://registry.npmjs.org/', './gzip-js' ]
110 verbose url resolved https://registry.npmjs.org/gzip-js
111 info trying registry request attempt 1 at 22:38:21
112 http GET https://registry.npmjs.org/gzip-js
113 http 200 https://registry.npmjs.org/gzip-js
114 silly registry.get cb [ 200,
114 silly registry.get   { server: 'CouchDB/1.5.0 (Erlang OTP/R16B03)',
114 silly registry.get     etag: '"1D6Q0JFVOHKY8D6NX9E75SUDT"',
114 silly registry.get     'content-type': 'application/json',
114 silly registry.get     'cache-control': 'max-age=60',
114 silly registry.get     'content-length': '7067',
114 silly registry.get     'accept-ranges': 'bytes',
114 silly registry.get     date: 'Wed, 27 May 2015 14:38:29 GMT',
114 silly registry.get     via: '1.1 varnish',
114 silly registry.get     age: '0',
114 silly registry.get     connection: 'keep-alive',
114 silly registry.get     'x-served-by': 'cache-nrt6128-NRT',
114 silly registry.get     'x-cache': 'HIT',
114 silly registry.get     'x-cache-hits': '1',
114 silly registry.get     'x-timer': 'S1432737509.244541,VS0,VE168',
114 silly registry.get     vary: 'Accept' } ]
115 silly lockFile bc4c38d3-js-org-gzip-js-gzip-js-0-3-1-tgz https://registry.npmjs.org/gzip-js/-/gzip-js-0.3.1.tgz
116 verbose lock https://registry.npmjs.org/gzip-js/-/gzip-js-0.3.1.tgz C:\Users\lz\AppData\Roaming\npm-cache\bc4c38d3-js-org-gzip-js-gzip-js-0-3-1-tgz.lock
117 verbose addRemoteTarball [ 'https://registry.npmjs.org/gzip-js/-/gzip-js-0.3.1.tgz',
117 verbose addRemoteTarball   '7a367c4d40921033010218a2740659db8caf2792' ]
118 info retry fetch attempt 1 at 22:38:22
119 verbose fetch to= C:\Users\lz\AppData\Local\Temp\npm-9592-macNX1CS\registry.npmjs.org\gzip-js\-\gzip-js-0.3.1.tgz
120 http GET https://registry.npmjs.org/gzip-js/-/gzip-js-0.3.1.tgz
121 http 200 https://registry.npmjs.org/csslint
122 silly registry.get cb [ 200,
122 silly registry.get   { server: 'CouchDB/1.5.0 (Erlang OTP/R16B03)',
122 silly registry.get     etag: '"QGR7IM2ALMOQVR6WQ8FV2V20"',
122 silly registry.get     'content-type': 'application/json',
122 silly registry.get     'cache-control': 'max-age=60',
122 silly registry.get     'content-length': '23292',
122 silly registry.get     'accept-ranges': 'bytes',
122 silly registry.get     date: 'Wed, 27 May 2015 14:38:29 GMT',
122 silly registry.get     via: '1.1 varnish',
122 silly registry.get     age: '10',
122 silly registry.get     connection: 'keep-alive',
122 silly registry.get     'x-served-by': 'cache-nrt6132-NRT',
122 silly registry.get     'x-cache': 'HIT',
122 silly registry.get     'x-cache-hits': '2',
122 silly registry.get     'x-timer': 'S1432737509.235878,VS0,VE0',
122 silly registry.get     vary: 'Accept' } ]
123 silly lockFile a5d1c44a-s-org-csslint-csslint-0-9-10-tgz https://registry.npmjs.org/csslint/-/csslint-0.9.10.tgz
124 verbose lock https://registry.npmjs.org/csslint/-/csslint-0.9.10.tgz C:\Users\lz\AppData\Roaming\npm-cache\a5d1c44a-s-org-csslint-csslint-0-9-10-tgz.lock
125 verbose addRemoteTarball [ 'https://registry.npmjs.org/csslint/-/csslint-0.9.10.tgz',
125 verbose addRemoteTarball   'c41ba9b6b9fec77bca87112e71eb3a220ef59bc4' ]
126 info retry fetch attempt 1 at 22:38:23
127 verbose fetch to= C:\Users\lz\AppData\Local\Temp\npm-9592-macNX1CS\registry.npmjs.org\csslint\-\csslint-0.9.10.tgz
128 http GET https://registry.npmjs.org/csslint/-/csslint-0.9.10.tgz
129 http 200 https://registry.npmjs.org/clean-css
130 silly registry.get cb [ 200,
130 silly registry.get   { server: 'CouchDB/1.5.0 (Erlang OTP/R16B03)',
130 silly registry.get     etag: '"8V3C69BFXQ42AIGOMRAFDH4NU"',
130 silly registry.get     'content-type': 'application/json',
130 silly registry.get     'cache-control': 'max-age=60',
130 silly registry.get     'content-length': '174572',
130 silly registry.get     'accept-ranges': 'bytes',
130 silly registry.get     date: 'Wed, 27 May 2015 14:38:29 GMT',
130 silly registry.get     via: '1.1 varnish',
130 silly registry.get     age: '52',
130 silly registry.get     connection: 'keep-alive',
130 silly registry.get     'x-served-by': 'cache-nrt6125-NRT',
130 silly registry.get     'x-cache': 'HIT',
130 silly registry.get     'x-cache-hits': '2',
130 silly registry.get     'x-timer': 'S1432737509.261544,VS0,VE0',
130 silly registry.get     vary: 'Accept' } ]
131 silly lockFile 7cecc0a4-rg-clean-css-clean-css-0-9-1-tgz https://registry.npmjs.org/clean-css/-/clean-css-0.9.1.tgz
132 verbose lock https://registry.npmjs.org/clean-css/-/clean-css-0.9.1.tgz C:\Users\lz\AppData\Roaming\npm-cache\7cecc0a4-rg-clean-css-clean-css-0-9-1-tgz.lock
133 verbose addRemoteTarball [ 'https://registry.npmjs.org/clean-css/-/clean-css-0.9.1.tgz',
133 verbose addRemoteTarball   '48b22151b90056e139a80d4c824e0f0f33ac3607' ]
134 info retry fetch attempt 1 at 22:38:23
135 verbose fetch to= C:\Users\lz\AppData\Local\Temp\npm-9592-macNX1CS\registry.npmjs.org\clean-css\-\clean-css-0.9.1.tgz
136 http GET https://registry.npmjs.org/clean-css/-/clean-css-0.9.1.tgz
137 http 200 https://registry.npmjs.org/gzip-js/-/gzip-js-0.3.1.tgz
138 silly lockFile bc4c38d3-js-org-gzip-js-gzip-js-0-3-1-tgz https://registry.npmjs.org/gzip-js/-/gzip-js-0.3.1.tgz
139 silly lockFile bc4c38d3-js-org-gzip-js-gzip-js-0-3-1-tgz https://registry.npmjs.org/gzip-js/-/gzip-js-0.3.1.tgz
140 silly lockFile d796b247-gzip-js-0-3-1 gzip-js@0.3.1
141 silly lockFile d796b247-gzip-js-0-3-1 gzip-js@0.3.1
142 http 200 https://registry.npmjs.org/csslint/-/csslint-0.9.10.tgz
143 silly lockFile a5d1c44a-s-org-csslint-csslint-0-9-10-tgz https://registry.npmjs.org/csslint/-/csslint-0.9.10.tgz
144 silly lockFile a5d1c44a-s-org-csslint-csslint-0-9-10-tgz https://registry.npmjs.org/csslint/-/csslint-0.9.10.tgz
145 silly lockFile 581cf283-csslint-0-9-10 csslint@0.9.10
146 silly lockFile 581cf283-csslint-0-9-10 csslint@0.9.10
147 http 200 https://registry.npmjs.org/clean-css/-/clean-css-0.9.1.tgz
148 silly lockFile 7cecc0a4-rg-clean-css-clean-css-0-9-1-tgz https://registry.npmjs.org/clean-css/-/clean-css-0.9.1.tgz
149 silly lockFile 7cecc0a4-rg-clean-css-clean-css-0-9-1-tgz https://registry.npmjs.org/clean-css/-/clean-css-0.9.1.tgz
150 silly lockFile 596a77d7-clean-css-0-9-1 clean-css@0.9.1
151 silly lockFile 596a77d7-clean-css-0-9-1 clean-css@0.9.1
152 silly resolved [ { author:
152 silly resolved      { name: 'T. Jameson Little',
152 silly resolved        email: 't.jameson.little@gmail.com' },
152 silly resolved     name: 'gzip-js',
152 silly resolved     description: 'GZIP in pure JavaScript (works in the browser)',
152 silly resolved     version: '0.3.1',
152 silly resolved     repository: { type: 'git', url: 'git://github.com/beatgammit/gzip-js.git' },
152 silly resolved     main: './lib/gzip.js',
152 silly resolved     bin: { 'gzip-js': './bin/gzip.js', 'gunzip-js': './bin/gunzip.js' },
152 silly resolved     scripts: { test: 'cd test; ./runner.py; cd -' },
152 silly resolved     engines: { node: '>= 0.4.0' },
152 silly resolved     dependencies: { crc32: '>= 0.2.2', 'deflate-js': '>= 0.2.2' },
152 silly resolved     devDependencies: { optimist: '~0.2' },
152 silly resolved     _npmUser: { name: 'beatgammit', email: 't.jameson.little@gmail.com' },
152 silly resolved     _id: 'gzip-js@0.3.1',
152 silly resolved     _engineSupported: true,
152 silly resolved     _npmVersion: '1.0.106',
152 silly resolved     _nodeVersion: 'v0.6.2',
152 silly resolved     _defaultsLoaded: true,
152 silly resolved     dist:
152 silly resolved      { shasum: '7a367c4d40921033010218a2740659db8caf2792',
152 silly resolved        tarball: 'http://registry.npmjs.org/gzip-js/-/gzip-js-0.3.1.tgz' },
152 silly resolved     maintainers: [ [Object] ],
152 silly resolved     directories: {},
152 silly resolved     _shasum: '7a367c4d40921033010218a2740659db8caf2792',
152 silly resolved     _from: 'gzip-js@0.3.1',
152 silly resolved     _resolved: 'https://registry.npmjs.org/gzip-js/-/gzip-js-0.3.1.tgz' },
152 silly resolved   { name: 'csslint',
152 silly resolved     version: '0.9.10',
152 silly resolved     description: 'CSSLint',
152 silly resolved     author: { name: 'Nicholas C. Zakas' },
152 silly resolved     os: [ 'darwin', 'linux', 'win32' ],
152 silly resolved     contributors: [ [Object] ],
152 silly resolved     engines: { node: '>=0.2.0' },
152 silly resolved     directories: { lib: 'lib' },
152 silly resolved     main: './lib/csslint-node.js',
152 silly resolved     bin: { csslint: './cli.js' },
152 silly resolved     licenses: [ [Object] ],
152 silly resolved     repository:
152 silly resolved      { type: 'git',
152 silly resolved        url: 'git://github.com/stubbornella/csslint.git' },
152 silly resolved     _npmUser: { name: 'nzakas', email: 'nicholas@nczconsulting.com' },
152 silly resolved     _id: 'csslint@0.9.10',
152 silly resolved     dependencies: {},
152 silly resolved     devDependencies: {},
152 silly resolved     optionalDependencies: {},
152 silly resolved     _engineSupported: true,
152 silly resolved     _npmVersion: '1.1.0-3',
152 silly resolved     _nodeVersion: 'v0.8.2',
152 silly resolved     _defaultsLoaded: true,
152 silly resolved     dist:
152 silly resolved      { shasum: 'c41ba9b6b9fec77bca87112e71eb3a220ef59bc4',
152 silly resolved        tarball: 'http://registry.npmjs.org/csslint/-/csslint-0.9.10.tgz' },
152 silly resolved     maintainers: [ [Object] ],
152 silly resolved     _shasum: 'c41ba9b6b9fec77bca87112e71eb3a220ef59bc4',
152 silly resolved     _from: 'csslint@0.9.10',
152 silly resolved     _resolved: 'https://registry.npmjs.org/csslint/-/csslint-0.9.10.tgz' },
152 silly resolved   { name: 'clean-css',
152 silly resolved     author:
152 silly resolved      { name: 'Jakub Pawlowicz',
152 silly resolved        email: 'jakub@goalsmashers.com',
152 silly resolved        url: 'http://twitter.com/GoalSmashers' },
152 silly resolved     description: 'A well-tested CSS minifier',
152 silly resolved     keywords: [ 'css', 'minifier' ],
152 silly resolved     homepage: 'https://github.com/GoalSmashers/clean-css',
152 silly resolved     repository:
152 silly resolved      { type: 'git',
152 silly resolved        url: 'https://github.com/GoalSmashers/clean-css.git' },
152 silly resolved     version: '0.9.1',
152 silly resolved     main: 'index.js',
152 silly resolved     bin: { cleancss: './bin/cleancss' },
152 silly resolved     scripts: { test: 'node_modules/.bin/vows test/*-test.js' },
152 silly resolved     dependencies: { optimist: '0.3.x' },
152 silly resolved     devDependencies: { vows: '0.6.x', jshint: '0.9.x' },
152 silly resolved     engines: { node: '>=0.6.0' },
152 silly resolved     _id: 'clean-css@0.9.1',
152 silly resolved     dist:
152 silly resolved      { shasum: '48b22151b90056e139a80d4c824e0f0f33ac3607',
152 silly resolved        tarball: 'http://registry.npmjs.org/clean-css/-/clean-css-0.9.1.tgz' },
152 silly resolved     maintainers: [ [Object] ],
152 silly resolved     directories: {},
152 silly resolved     _shasum: '48b22151b90056e139a80d4c824e0f0f33ac3607',
152 silly resolved     _from: 'clean-css@0.9.1',
152 silly resolved     _resolved: 'https://registry.npmjs.org/clean-css/-/clean-css-0.9.1.tgz' } ]
153 info install gzip-js@0.3.1 into c:\Users\lz\WebstormProjects\polyer.js\git\node_modules\grunt-css
154 info install csslint@0.9.10 into c:\Users\lz\WebstormProjects\polyer.js\git\node_modules\grunt-css
155 info install clean-css@0.9.1 into c:\Users\lz\WebstormProjects\polyer.js\git\node_modules\grunt-css
156 info installOne gzip-js@0.3.1
157 info installOne csslint@0.9.10
158 info installOne clean-css@0.9.1
159 info c:\Users\lz\WebstormProjects\polyer.js\git\node_modules\grunt-css\node_modules\gzip-js unbuild
160 info c:\Users\lz\WebstormProjects\polyer.js\git\node_modules\grunt-css\node_modules\clean-css unbuild
161 info c:\Users\lz\WebstormProjects\polyer.js\git\node_modules\grunt-css\node_modules\csslint unbuild
162 verbose tar unpack C:\Users\lz\AppData\Roaming\npm-cache\gzip-js\0.3.1\package.tgz
163 silly lockFile c99d806c-s-grunt-css-node-modules-gzip-js tar://c:\Users\lz\WebstormProjects\polyer.js\git\node_modules\grunt-css\node_modules\gzip-js
164 verbose lock tar://c:\Users\lz\WebstormProjects\polyer.js\git\node_modules\grunt-css\node_modules\gzip-js C:\Users\lz\AppData\Roaming\npm-cache\c99d806c-s-grunt-css-node-modules-gzip-js.lock
165 silly lockFile 60090471--cache-gzip-js-0-3-1-package-tgz tar://C:\Users\lz\AppData\Roaming\npm-cache\gzip-js\0.3.1\package.tgz
166 verbose lock tar://C:\Users\lz\AppData\Roaming\npm-cache\gzip-js\0.3.1\package.tgz C:\Users\lz\AppData\Roaming\npm-cache\60090471--cache-gzip-js-0-3-1-package-tgz.lock
167 verbose tar unpack C:\Users\lz\AppData\Roaming\npm-cache\clean-css\0.9.1\package.tgz
168 silly lockFile 89706b4e-grunt-css-node-modules-clean-css tar://c:\Users\lz\WebstormProjects\polyer.js\git\node_modules\grunt-css\node_modules\clean-css
169 verbose lock tar://c:\Users\lz\WebstormProjects\polyer.js\git\node_modules\grunt-css\node_modules\clean-css C:\Users\lz\AppData\Roaming\npm-cache\89706b4e-grunt-css-node-modules-clean-css.lock
170 silly lockFile 52c5ea5a-ache-clean-css-0-9-1-package-tgz tar://C:\Users\lz\AppData\Roaming\npm-cache\clean-css\0.9.1\package.tgz
171 verbose lock tar://C:\Users\lz\AppData\Roaming\npm-cache\clean-css\0.9.1\package.tgz C:\Users\lz\AppData\Roaming\npm-cache\52c5ea5a-ache-clean-css-0-9-1-package-tgz.lock
172 verbose tar unpack C:\Users\lz\AppData\Roaming\npm-cache\csslint\0.9.10\package.tgz
173 silly lockFile b8ff2971-s-grunt-css-node-modules-csslint tar://c:\Users\lz\WebstormProjects\polyer.js\git\node_modules\grunt-css\node_modules\csslint
174 verbose lock tar://c:\Users\lz\WebstormProjects\polyer.js\git\node_modules\grunt-css\node_modules\csslint C:\Users\lz\AppData\Roaming\npm-cache\b8ff2971-s-grunt-css-node-modules-csslint.lock
175 silly lockFile e965bcd5-cache-csslint-0-9-10-package-tgz tar://C:\Users\lz\AppData\Roaming\npm-cache\csslint\0.9.10\package.tgz
176 verbose lock tar://C:\Users\lz\AppData\Roaming\npm-cache\csslint\0.9.10\package.tgz C:\Users\lz\AppData\Roaming\npm-cache\e965bcd5-cache-csslint-0-9-10-package-tgz.lock
177 silly gunzTarPerm modes [ '755', '644' ]
178 silly gunzTarPerm modes [ '755', '644' ]
179 silly gunzTarPerm modes [ '755', '644' ]
180 silly gunzTarPerm extractEntry package.json
181 silly gunzTarPerm extractEntry package.json
182 silly gunzTarPerm extractEntry lib/
183 silly gunzTarPerm extractEntry .npmignore
184 silly gunzTarPerm extractEntry README.md
185 silly gunzTarPerm extractEntry README.md
186 silly gunzTarPerm extractEntry .gitignore
187 silly gunzTarPerm extractEntry lib/csslint-node.js
188 silly gunzTarPerm extractEntry LICENSE
189 silly gunzTarPerm extractEntry index.js
190 silly gunzTarPerm extractEntry bin/gunzip.js
191 silly gunzTarPerm extractEntry bin/gzip.js
192 silly gunzTarPerm extractEntry cli.js
193 silly gunzTarPerm extractEntry lib/clean.js
194 silly gunzTarPerm extractEntry .jshintignore
195 silly gunzTarPerm extractEntry lib/gzip.js
196 silly gunzTarPerm extractEntry test/unzipTest.pyc
197 silly gunzTarPerm extractEntry test/runner.py
198 silly gunzTarPerm extractEntry .jshintrc
199 silly gunzTarPerm extractEntry .travis.yml
200 silly gunzTarPerm extractEntry Makefile
201 silly gunzTarPerm extractEntry bin/cleancss
202 silly gunzTarPerm extractEntry test/zipTest.py
203 silly gunzTarPerm extractEntry test/unzipTest.py
204 silly gunzTarPerm extractEntry History.md
205 silly gunzTarPerm extractEntry test/batch-test.js
206 silly gunzTarPerm extractEntry test/bench.js
207 silly gunzTarPerm extractEntry test/binary-test.js
208 silly gunzTarPerm extractEntry test/custom-test.js
209 silly gunzTarPerm extractEntry test/unit-test.js
210 silly gunzTarPerm extractEntry test/data/960-min.css
211 silly gunzTarPerm extractEntry test/data/960.css
212 silly gunzTarPerm extractEntry test/data/big-min.css
213 silly gunzTarPerm extractEntry test/data/big.css
214 silly gunzTarPerm extractEntry test/zipTest.pyc
215 silly gunzTarPerm extractEntry test/helpers.py
216 silly gunzTarPerm extractEntry test/data/blueprint-min.css
217 silly gunzTarPerm extractEntry test/helpers.pyc
218 silly gunzTarPerm extractEntry test/zip.pyc
219 silly gunzTarPerm extractEntry test/data/blueprint.css
220 silly gunzTarPerm extractEntry test/data/reset-min.css
221 silly gunzTarPerm extractEntry test/test.txt
222 silly gunzTarPerm extractEntry test/test-files/hello-world.txt
223 silly gunzTarPerm extractEntry package.json
224 silly gunzTarPerm extractEntry test/test-files/spec.txt
225 silly gunzTarPerm extractEntry test/data/reset.css
226 silly gunzTarPerm extractEntry test/data/sample1-min.css
227 silly gunzTarPerm extractEntry test/data/sample1.css
228 silly gunzTarPerm extractEntry test.bat
229 silly lockFile b8ff2971-s-grunt-css-node-modules-csslint tar://c:\Users\lz\WebstormProjects\polyer.js\git\node_modules\grunt-css\node_modules\csslint
230 silly lockFile b8ff2971-s-grunt-css-node-modules-csslint tar://c:\Users\lz\WebstormProjects\polyer.js\git\node_modules\grunt-css\node_modules\csslint
231 silly lockFile e965bcd5-cache-csslint-0-9-10-package-tgz tar://C:\Users\lz\AppData\Roaming\npm-cache\csslint\0.9.10\package.tgz
232 silly lockFile e965bcd5-cache-csslint-0-9-10-package-tgz tar://C:\Users\lz\AppData\Roaming\npm-cache\csslint\0.9.10\package.tgz
233 info preinstall csslint@0.9.10
234 verbose readDependencies using package.json deps
235 verbose readDependencies using package.json deps
236 silly resolved []
237 verbose about to build c:\Users\lz\WebstormProjects\polyer.js\git\node_modules\grunt-css\node_modules\csslint
238 info build c:\Users\lz\WebstormProjects\polyer.js\git\node_modules\grunt-css\node_modules\csslint
239 verbose linkStuff [ false,
239 verbose linkStuff   false,
239 verbose linkStuff   false,
239 verbose linkStuff   'c:\\Users\\lz\\WebstormProjects\\polyer.js\\git\\node_modules\\grunt-css\\node_modules' ]
240 info linkStuff csslint@0.9.10
241 verbose linkBins csslint@0.9.10
242 verbose link bins [ { csslint: './cli.js' },
242 verbose link bins   'c:\\Users\\lz\\WebstormProjects\\polyer.js\\git\\node_modules\\grunt-css\\node_modules\\.bin',
242 verbose link bins   false ]
243 verbose linkMans csslint@0.9.10
244 verbose rebuildBundles csslint@0.9.10
245 info install csslint@0.9.10
246 info postinstall csslint@0.9.10
247 silly lockFile c99d806c-s-grunt-css-node-modules-gzip-js tar://c:\Users\lz\WebstormProjects\polyer.js\git\node_modules\grunt-css\node_modules\gzip-js
248 silly lockFile c99d806c-s-grunt-css-node-modules-gzip-js tar://c:\Users\lz\WebstormProjects\polyer.js\git\node_modules\grunt-css\node_modules\gzip-js
249 silly lockFile 60090471--cache-gzip-js-0-3-1-package-tgz tar://C:\Users\lz\AppData\Roaming\npm-cache\gzip-js\0.3.1\package.tgz
250 silly lockFile 60090471--cache-gzip-js-0-3-1-package-tgz tar://C:\Users\lz\AppData\Roaming\npm-cache\gzip-js\0.3.1\package.tgz
251 info preinstall gzip-js@0.3.1
252 verbose readDependencies using package.json deps
253 verbose readDependencies using package.json deps
254 verbose cache add [ 'crc32@>= 0.2.2', null ]
255 verbose cache add name=undefined spec="crc32@>= 0.2.2" args=["crc32@>= 0.2.2",null]
256 verbose parsed url { protocol: null,
256 verbose parsed url   slashes: null,
256 verbose parsed url   auth: null,
256 verbose parsed url   host: null,
256 verbose parsed url   port: null,
256 verbose parsed url   hostname: null,
256 verbose parsed url   hash: null,
256 verbose parsed url   search: null,
256 verbose parsed url   query: null,
256 verbose parsed url   pathname: 'crc32@%3E=%200.2.2',
256 verbose parsed url   path: 'crc32@%3E=%200.2.2',
256 verbose parsed url   href: 'crc32@%3E=%200.2.2' }
257 verbose cache add [ 'deflate-js@>= 0.2.2', null ]
258 verbose cache add name=undefined spec="deflate-js@>= 0.2.2" args=["deflate-js@>= 0.2.2",null]
259 verbose parsed url { protocol: null,
259 verbose parsed url   slashes: null,
259 verbose parsed url   auth: null,
259 verbose parsed url   host: null,
259 verbose parsed url   port: null,
259 verbose parsed url   hostname: null,
259 verbose parsed url   hash: null,
259 verbose parsed url   search: null,
259 verbose parsed url   query: null,
259 verbose parsed url   pathname: 'deflate-js@%3E=%200.2.2',
259 verbose parsed url   path: 'deflate-js@%3E=%200.2.2',
259 verbose parsed url   href: 'deflate-js@%3E=%200.2.2' }
260 verbose cache add name="crc32" spec=">= 0.2.2" args=["crc32",">= 0.2.2"]
261 verbose parsed url { protocol: null,
261 verbose parsed url   slashes: null,
261 verbose parsed url   auth: null,
261 verbose parsed url   host: null,
261 verbose parsed url   port: null,
261 verbose parsed url   hostname: null,
261 verbose parsed url   hash: null,
261 verbose parsed url   search: null,
261 verbose parsed url   query: null,
261 verbose parsed url   pathname: '%3E=%200.2.2',
261 verbose parsed url   path: '%3E=%200.2.2',
261 verbose parsed url   href: '%3E=%200.2.2' }
262 verbose addNamed [ 'crc32', '>= 0.2.2' ]
263 verbose addNamed [ null, '>=0.2.2' ]
264 silly lockFile c48b0174-crc32-0-2-2 crc32@>= 0.2.2
265 verbose lock crc32@>= 0.2.2 C:\Users\lz\AppData\Roaming\npm-cache\c48b0174-crc32-0-2-2.lock
266 verbose cache add name="deflate-js" spec=">= 0.2.2" args=["deflate-js",">= 0.2.2"]
267 verbose parsed url { protocol: null,
267 verbose parsed url   slashes: null,
267 verbose parsed url   auth: null,
267 verbose parsed url   host: null,
267 verbose parsed url   port: null,
267 verbose parsed url   hostname: null,
267 verbose parsed url   hash: null,
267 verbose parsed url   search: null,
267 verbose parsed url   query: null,
267 verbose parsed url   pathname: '%3E=%200.2.2',
267 verbose parsed url   path: '%3E=%200.2.2',
267 verbose parsed url   href: '%3E=%200.2.2' }
268 verbose addNamed [ 'deflate-js', '>= 0.2.2' ]
269 verbose addNamed [ null, '>=0.2.2' ]
270 silly lockFile 8a39b96c-deflate-js-0-2-2 deflate-js@>= 0.2.2
271 verbose lock deflate-js@>= 0.2.2 C:\Users\lz\AppData\Roaming\npm-cache\8a39b96c-deflate-js-0-2-2.lock
272 silly addNameRange { name: 'crc32', range: '>=0.2.2', hasData: false }
273 silly addNameRange { name: 'deflate-js', range: '>=0.2.2', hasData: false }
274 verbose url raw deflate-js
275 verbose url resolving [ 'https://registry.npmjs.org/', './deflate-js' ]
276 verbose url resolved https://registry.npmjs.org/deflate-js
277 info trying registry request attempt 1 at 22:38:28
278 http GET https://registry.npmjs.org/deflate-js
279 verbose url raw crc32
280 verbose url resolving [ 'https://registry.npmjs.org/', './crc32' ]
281 verbose url resolved https://registry.npmjs.org/crc32
282 info trying registry request attempt 1 at 22:38:28
283 verbose etag "3R6ZNGASSLWFHWLI2A566MXG7"
284 http GET https://registry.npmjs.org/crc32
285 silly lockFile 89706b4e-grunt-css-node-modules-clean-css tar://c:\Users\lz\WebstormProjects\polyer.js\git\node_modules\grunt-css\node_modules\clean-css
286 silly lockFile 89706b4e-grunt-css-node-modules-clean-css tar://c:\Users\lz\WebstormProjects\polyer.js\git\node_modules\grunt-css\node_modules\clean-css
287 silly lockFile 52c5ea5a-ache-clean-css-0-9-1-package-tgz tar://C:\Users\lz\AppData\Roaming\npm-cache\clean-css\0.9.1\package.tgz
288 silly lockFile 52c5ea5a-ache-clean-css-0-9-1-package-tgz tar://C:\Users\lz\AppData\Roaming\npm-cache\clean-css\0.9.1\package.tgz
289 info preinstall clean-css@0.9.1
290 verbose readDependencies using package.json deps
291 verbose readDependencies using package.json deps
292 verbose cache add [ 'optimist@0.3.x', null ]
293 verbose cache add name=undefined spec="optimist@0.3.x" args=["optimist@0.3.x",null]
294 verbose parsed url { protocol: null,
294 verbose parsed url   slashes: null,
294 verbose parsed url   auth: null,
294 verbose parsed url   host: null,
294 verbose parsed url   port: null,
294 verbose parsed url   hostname: null,
294 verbose parsed url   hash: null,
294 verbose parsed url   search: null,
294 verbose parsed url   query: null,
294 verbose parsed url   pathname: 'optimist@0.3.x',
294 verbose parsed url   path: 'optimist@0.3.x',
294 verbose parsed url   href: 'optimist@0.3.x' }
295 verbose cache add name="optimist" spec="0.3.x" args=["optimist","0.3.x"]
296 verbose parsed url { protocol: null,
296 verbose parsed url   slashes: null,
296 verbose parsed url   auth: null,
296 verbose parsed url   host: null,
296 verbose parsed url   port: null,
296 verbose parsed url   hostname: null,
296 verbose parsed url   hash: null,
296 verbose parsed url   search: null,
296 verbose parsed url   query: null,
296 verbose parsed url   pathname: '0.3.x',
296 verbose parsed url   path: '0.3.x',
296 verbose parsed url   href: '0.3.x' }
297 verbose addNamed [ 'optimist', '0.3.x' ]
298 verbose addNamed [ null, '>=0.3.0-0 <0.4.0-0' ]
299 silly lockFile 3bb5ebed-optimist-0-3-x optimist@0.3.x
300 verbose lock optimist@0.3.x C:\Users\lz\AppData\Roaming\npm-cache\3bb5ebed-optimist-0-3-x.lock
301 silly addNameRange { name: 'optimist', range: '>=0.3.0-0 <0.4.0-0', hasData: false }
302 verbose url raw optimist
303 verbose url resolving [ 'https://registry.npmjs.org/', './optimist' ]
304 verbose url resolved https://registry.npmjs.org/optimist
305 info trying registry request attempt 1 at 22:38:28
306 verbose etag "AKHIU4SAXKB4AVIG10VX6BBJO"
307 http GET https://registry.npmjs.org/optimist
308 http 200 https://registry.npmjs.org/crc32
309 silly registry.get cb [ 200,
309 silly registry.get   { server: 'CouchDB/1.5.0 (Erlang OTP/R16B03)',
309 silly registry.get     etag: '"AXJVHF8M1WYTQT3D7FF03ZDXQ"',
309 silly registry.get     'content-type': 'application/json',
309 silly registry.get     'cache-control': 'max-age=60',
309 silly registry.get     'content-length': '5581',
309 silly registry.get     'accept-ranges': 'bytes',
309 silly registry.get     date: 'Wed, 27 May 2015 14:38:36 GMT',
309 silly registry.get     via: '1.1 varnish',
309 silly registry.get     age: '0',
309 silly registry.get     connection: 'keep-alive',
309 silly registry.get     'x-served-by': 'cache-nrt6123-NRT',
309 silly registry.get     'x-cache': 'HIT',
309 silly registry.get     'x-cache-hits': '1',
309 silly registry.get     'x-timer': 'S1432737516.014968,VS0,VE454',
309 silly registry.get     vary: 'Accept' } ]
310 silly addNameRange number 2 { name: 'crc32', range: '>=0.2.2', hasData: true }
311 silly addNameRange versions [ 'crc32',
311 silly addNameRange   [ '0.1.0', '0.1.1', '0.1.2', '0.2.0', '0.2.1', '0.2.2' ] ]
312 verbose addNamed [ 'crc32', '0.2.2' ]
313 verbose addNamed [ '0.2.2', '0.2.2' ]
314 silly lockFile b2dafe3b-crc32-0-2-2 crc32@0.2.2
315 verbose lock crc32@0.2.2 C:\Users\lz\AppData\Roaming\npm-cache\b2dafe3b-crc32-0-2-2.lock
316 silly lockFile b2dafe3b-crc32-0-2-2 crc32@0.2.2
317 silly lockFile b2dafe3b-crc32-0-2-2 crc32@0.2.2
318 silly lockFile c48b0174-crc32-0-2-2 crc32@>= 0.2.2
319 silly lockFile c48b0174-crc32-0-2-2 crc32@>= 0.2.2
320 http 200 https://registry.npmjs.org/deflate-js
321 silly registry.get cb [ 200,
321 silly registry.get   { server: 'CouchDB/1.5.0 (Erlang OTP/R16B03)',
321 silly registry.get     etag: '"73BHQ1TAALLDF2W47VKA3Q01D"',
321 silly registry.get     'content-type': 'application/json',
321 silly registry.get     'cache-control': 'max-age=60',
321 silly registry.get     'content-length': '7046',
321 silly registry.get     'accept-ranges': 'bytes',
321 silly registry.get     date: 'Wed, 27 May 2015 14:38:36 GMT',
321 silly registry.get     via: '1.1 varnish',
321 silly registry.get     age: '0',
321 silly registry.get     connection: 'keep-alive',
321 silly registry.get     'x-served-by': 'cache-nrt6127-NRT',
321 silly registry.get     'x-cache': 'MISS',
321 silly registry.get     'x-cache-hits': '0',
321 silly registry.get     'x-timer': 'S1432737515.981006,VS0,VE743',
321 silly registry.get     vary: 'Accept' } ]
322 silly addNameRange number 2 { name: 'deflate-js', range: '>=0.2.2', hasData: true }
323 silly addNameRange versions [ 'deflate-js',
323 silly addNameRange   [ '0.1.0', '0.2.0', '0.2.1', '0.2.2', '0.2.3' ] ]
324 verbose addNamed [ 'deflate-js', '0.2.3' ]
325 verbose addNamed [ '0.2.3', '0.2.3' ]
326 silly lockFile 71d6babd-deflate-js-0-2-3 deflate-js@0.2.3
327 verbose lock deflate-js@0.2.3 C:\Users\lz\AppData\Roaming\npm-cache\71d6babd-deflate-js-0-2-3.lock
328 silly lockFile b3546cfa--deflate-js-deflate-js-0-2-3-tgz https://registry.npmjs.org/deflate-js/-/deflate-js-0.2.3.tgz
329 verbose lock https://registry.npmjs.org/deflate-js/-/deflate-js-0.2.3.tgz C:\Users\lz\AppData\Roaming\npm-cache\b3546cfa--deflate-js-deflate-js-0-2-3-tgz.lock
330 verbose addRemoteTarball [ 'https://registry.npmjs.org/deflate-js/-/deflate-js-0.2.3.tgz',
330 verbose addRemoteTarball   'f85abb58ebc5151a306147473d57c3e4f7e4426b' ]
331 info retry fetch attempt 1 at 22:38:30
332 verbose fetch to= C:\Users\lz\AppData\Local\Temp\npm-9592-macNX1CS\registry.npmjs.org\deflate-js\-\deflate-js-0.2.3.tgz
333 http GET https://registry.npmjs.org/deflate-js/-/deflate-js-0.2.3.tgz
334 http 200 https://registry.npmjs.org/optimist
335 silly registry.get cb [ 200,
335 silly registry.get   { server: 'CouchDB/1.5.0 (Erlang OTP/R16B03)',
335 silly registry.get     etag: '"2063HZFLM126ZA9QQZY54Z4OC"',
335 silly registry.get     'content-type': 'application/json',
335 silly registry.get     'cache-control': 'max-age=60',
335 silly registry.get     'content-length': '46379',
335 silly registry.get     'accept-ranges': 'bytes',
335 silly registry.get     date: 'Wed, 27 May 2015 14:38:36 GMT',
335 silly registry.get     via: '1.1 varnish',
335 silly registry.get     age: '0',
335 silly registry.get     connection: 'keep-alive',
335 silly registry.get     'x-served-by': 'cache-nrt6125-NRT',
335 silly registry.get     'x-cache': 'HIT',
335 silly registry.get     'x-cache-hits': '1',
335 silly registry.get     'x-timer': 'S1432737516.062070,VS0,VE679',
335 silly registry.get     vary: 'Accept' } ]
336 silly addNameRange number 2 { name: 'optimist', range: '>=0.3.0-0 <0.4.0-0', hasData: true }
337 silly addNameRange versions [ 'optimist',
337 silly addNameRange   [ '0.0.1',
337 silly addNameRange     '0.0.2',
337 silly addNameRange     '0.0.4',
337 silly addNameRange     '0.0.5',
337 silly addNameRange     '0.0.6',
337 silly addNameRange     '0.0.7',
337 silly addNameRange     '0.1.0',
337 silly addNameRange     '0.1.1',
337 silly addNameRange     '0.1.2',
337 silly addNameRange     '0.1.3',
337 silly addNameRange     '0.1.4',
337 silly addNameRange     '0.1.5',
337 silly addNameRange     '0.1.6',
337 silly addNameRange     '0.1.7',
337 silly addNameRange     '0.1.8',
337 silly addNameRange     '0.1.9',
337 silly addNameRange     '0.0.3',
337 silly addNameRange     '0.2.0',
337 silly addNameRange     '0.2.1',
337 silly addNameRange     '0.2.2',
337 silly addNameRange     '0.2.3',
337 silly addNameRange     '0.2.4',
337 silly addNameRange     '0.2.5',
337 silly addNameRange     '0.2.6',
337 silly addNameRange     '0.2.7',
337 silly addNameRange     '0.2.8',
337 silly addNameRange     '0.3.0',
337 silly addNameRange     '0.3.1',
337 silly addNameRange     '0.3.3',
337 silly addNameRange     '0.3.4',
337 silly addNameRange     '0.3.5',
337 silly addNameRange     '0.3.6',
337 silly addNameRange     '0.3.7',
337 silly addNameRange     '0.4.0',
337 silly addNameRange     '0.5.0',
337 silly addNameRange     '0.5.1',
337 silly addNameRange     '0.5.2',
337 silly addNameRange     '0.6.0',
337 silly addNameRange     '0.6.1' ] ]
338 verbose addNamed [ 'optimist', '0.3.7' ]
339 verbose addNamed [ '0.3.7', '0.3.7' ]
340 silly lockFile 090e1d8d-optimist-0-3-7 optimist@0.3.7
341 verbose lock optimist@0.3.7 C:\Users\lz\AppData\Roaming\npm-cache\090e1d8d-optimist-0-3-7.lock
342 silly lockFile 090e1d8d-optimist-0-3-7 optimist@0.3.7
343 silly lockFile 090e1d8d-optimist-0-3-7 optimist@0.3.7
344 silly lockFile 3bb5ebed-optimist-0-3-x optimist@0.3.x
345 silly lockFile 3bb5ebed-optimist-0-3-x optimist@0.3.x
346 verbose about to build c:\Users\lz\WebstormProjects\polyer.js\git\node_modules\grunt-css\node_modules\clean-css
347 info c:\Users\lz\WebstormProjects\polyer.js\git\node_modules\grunt-css\node_modules\clean-css unbuild
348 info preuninstall clean-css@0.9.1
349 info uninstall clean-css@0.9.1
350 verbose false,c:\Users\lz\WebstormProjects\polyer.js\git\node_modules,c:\Users\lz\WebstormProjects\polyer.js\git\node_modules\grunt-css\node_modules unbuild clean-css@0.9.1
351 verbose c:\Users\lz\WebstormProjects\polyer.js\git\node_modules\grunt-css\node_modules\.bin,[object Object] binRoot
352 info postuninstall clean-css@0.9.1
353 verbose about to build c:\Users\lz\WebstormProjects\polyer.js\git\node_modules\grunt-css
354 info c:\Users\lz\WebstormProjects\polyer.js\git\node_modules\grunt-css unbuild
355 info preuninstall grunt-css@0.5.4
356 info uninstall grunt-css@0.5.4
357 verbose true,c:\Users\lz\WebstormProjects\polyer.js\git\node_modules,c:\Users\lz\WebstormProjects\polyer.js\git\node_modules unbuild grunt-css@0.5.4
358 info postuninstall grunt-css@0.5.4
359 error Failed to parse json
359 error Unexpected end of input
360 error File: C:\Users\lz\AppData\Roaming\npm-cache\optimist\0.3.7\package\package.json
361 error Failed to parse package.json data.
361 error package.json must be actual JSON, not just JavaScript.
361 error
361 error This is not a bug in npm.
361 error Tell the package author to fix their package.json file. JSON.parse
362 error System Windows_NT 6.1.7601
363 error command "C:\\Program Files\\nodejs\\\\node.exe" "C:\\Program Files\\nodejs\\node_modules\\npm\\bin\\npm-cli.js" "install" "grunt-css" "--save-dev"
364 error cwd c:\Users\lz\WebstormProjects\polyer.js\git
365 error node -v v0.10.29
366 error npm -v 1.4.14
367 error file C:\Users\lz\AppData\Roaming\npm-cache\optimist\0.3.7\package\package.json
368 error code EJSONPARSE
369 verbose exit [ 1, true ]
